2019-02-22 12:55:00,224 INFO  [Log4j] **************************************************************************************** 
2019-02-22 12:55:00,224 INFO  [Log4j] ***********************BEGIN -----TEST-------CASE ******************************** 
2019-02-22 12:55:00,224 INFO  [Log4j] Test Case ID:------------->    launchingWorldApp    
2019-02-22 12:55:00,224 INFO  [Log4j] Action Keyword:----------->    Navigate  
2019-02-22 12:55:00,224 INFO  [Log4j] WebElement:----------->        
2019-02-22 12:55:00,224 INFO  [Log4j] Input Data:--------------->    https://www.worldpay.com/us/get-in-touch/global-contact  
2019-02-22 12:55:00,240 INFO  [Log4j] Navigate is called 
2019-02-22 12:55:44,415 INFO  [Log4j] **************************************************************************************** 
2019-02-22 12:55:44,415 INFO  [Log4j] ***********************BEGIN -----TEST-------CASE ******************************** 
2019-02-22 12:55:44,415 INFO  [Log4j] Test Case ID:------------->    launchingWorldApp    
2019-02-22 12:55:44,415 INFO  [Log4j] Action Keyword:----------->    waitFor  
2019-02-22 12:55:44,416 INFO  [Log4j] WebElement:----------->        
2019-02-22 12:55:44,416 INFO  [Log4j] Input Data:--------------->      
2019-02-22 12:55:54,432 INFO  [Log4j] **************************************************************************************** 
2019-02-22 12:55:54,432 INFO  [Log4j] ***********************BEGIN -----TEST-------CASE ******************************** 
2019-02-22 12:55:54,432 INFO  [Log4j] Test Case ID:------------->    launchingWorldApp    
2019-02-22 12:55:54,432 INFO  [Log4j] Action Keyword:----------->    Click  
2019-02-22 12:55:54,433 INFO  [Log4j] WebElement:----------->    firstName    
2019-02-22 12:55:54,433 INFO  [Log4j] Input Data:--------------->      
2019-02-22 12:55:54,433 INFO  [Log4j] Click is called ... firstName 
2019-02-22 12:55:54,777 INFO  [Log4j] **************************************************************************************** 
2019-02-22 12:55:54,777 INFO  [Log4j] ***********************BEGIN -----TEST-------CASE ******************************** 
2019-02-22 12:55:54,777 INFO  [Log4j] Test Case ID:------------->    launchingWorldApp    
2019-02-22 12:55:54,777 INFO  [Log4j] Action Keyword:----------->    InputText  
2019-02-22 12:55:54,777 INFO  [Log4j] WebElement:----------->    firstName    
2019-02-22 12:55:54,777 INFO  [Log4j] Input Data:--------------->    Jhon  
2019-02-22 12:55:54,778 INFO  [Log4j] Enter text into ... firstName 
2019-02-22 12:55:55,024 INFO  [Log4j] **************************************************************************************** 
2019-02-22 12:55:55,025 INFO  [Log4j] ***********************BEGIN -----TEST-------CASE ******************************** 
2019-02-22 12:55:55,025 INFO  [Log4j] Test Case ID:------------->    launchingWorldApp    
2019-02-22 12:55:55,025 INFO  [Log4j] Action Keyword:----------->    InputText  
2019-02-22 12:55:55,025 INFO  [Log4j] WebElement:----------->    surName    
2019-02-22 12:55:55,025 INFO  [Log4j] Input Data:--------------->    S  
2019-02-22 12:55:55,025 INFO  [Log4j] Enter text into ... surName 
2019-02-22 12:55:55,297 INFO  [Log4j] **************************************************************************************** 
2019-02-22 12:55:55,297 INFO  [Log4j] ***********************BEGIN -----TEST-------CASE ******************************** 
2019-02-22 12:55:55,297 INFO  [Log4j] Test Case ID:------------->    launchingWorldApp    
2019-02-22 12:55:55,297 INFO  [Log4j] Action Keyword:----------->    InputText  
2019-02-22 12:55:55,297 INFO  [Log4j] WebElement:----------->    jobTitle    
2019-02-22 12:55:55,297 INFO  [Log4j] Input Data:--------------->    Software Engineer  
2019-02-22 12:55:55,298 INFO  [Log4j] Enter text into ... jobTitle 
2019-02-22 12:55:55,995 INFO  [Log4j] **************************************************************************************** 
2019-02-22 12:55:55,995 INFO  [Log4j] ***********************BEGIN -----TEST-------CASE ******************************** 
2019-02-22 12:55:55,995 INFO  [Log4j] Test Case ID:------------->    launchingWorldApp    
2019-02-22 12:55:55,995 INFO  [Log4j] Action Keyword:----------->    InputText  
2019-02-22 12:55:55,996 INFO  [Log4j] WebElement:----------->    emailAddress    
2019-02-22 12:55:55,996 INFO  [Log4j] Input Data:--------------->    admin1@gmail.com  
2019-02-22 12:55:55,996 INFO  [Log4j] Enter text into ... emailAddress 
2019-02-22 12:55:56,439 INFO  [Log4j] **************************************************************************************** 
2019-02-22 12:55:56,439 INFO  [Log4j] ***********************BEGIN -----TEST-------CASE ******************************** 
2019-02-22 12:55:56,439 INFO  [Log4j] Test Case ID:------------->    launchingWorldApp    
2019-02-22 12:55:56,439 INFO  [Log4j] Action Keyword:----------->    InputText  
2019-02-22 12:55:56,439 INFO  [Log4j] WebElement:----------->    company    
2019-02-22 12:55:56,439 INFO  [Log4j] Input Data:--------------->    SLk  
2019-02-22 12:55:56,439 INFO  [Log4j] Enter text into ... company 
2019-02-22 13:05:08,077 INFO  [Log4j] **************************************************************************************** 
2019-02-22 13:05:08,077 INFO  [Log4j] ***********************BEGIN -----TEST-------CASE ******************************** 
2019-02-22 13:05:08,077 INFO  [Log4j] Test Case ID:------------->    launchingWorldApp    
2019-02-22 13:05:08,077 INFO  [Log4j] Action Keyword:----------->    Navigate  
2019-02-22 13:05:08,077 INFO  [Log4j] WebElement:----------->        
2019-02-22 13:05:08,077 INFO  [Log4j] Input Data:--------------->    https://www.worldpay.com/us/get-in-touch/global-contact  
2019-02-22 13:05:08,093 INFO  [Log4j] Navigate is called 
2019-02-22 13:05:47,410 INFO  [Log4j] **************************************************************************************** 
2019-02-22 13:05:47,411 INFO  [Log4j] ***********************BEGIN -----TEST-------CASE ******************************** 
2019-02-22 13:05:47,411 INFO  [Log4j] Test Case ID:------------->    launchingWorldApp    
2019-02-22 13:05:47,411 INFO  [Log4j] Action Keyword:----------->    waitFor  
2019-02-22 13:05:47,411 INFO  [Log4j] WebElement:----------->        
2019-02-22 13:05:47,411 INFO  [Log4j] Input Data:--------------->      
2019-02-22 13:05:57,419 INFO  [Log4j] **************************************************************************************** 
2019-02-22 13:05:57,419 INFO  [Log4j] ***********************BEGIN -----TEST-------CASE ******************************** 
2019-02-22 13:05:57,419 INFO  [Log4j] Test Case ID:------------->    launchingWorldApp    
2019-02-22 13:05:57,419 INFO  [Log4j] Action Keyword:----------->    Click  
2019-02-22 13:05:57,419 INFO  [Log4j] WebElement:----------->    firstName    
2019-02-22 13:05:57,419 INFO  [Log4j] Input Data:--------------->      
2019-02-22 13:05:57,419 INFO  [Log4j] Click is called ... firstName 
2019-02-22 13:05:57,769 INFO  [Log4j] **************************************************************************************** 
2019-02-22 13:05:57,769 INFO  [Log4j] ***********************BEGIN -----TEST-------CASE ******************************** 
2019-02-22 13:05:57,769 INFO  [Log4j] Test Case ID:------------->    launchingWorldApp    
2019-02-22 13:05:57,769 INFO  [Log4j] Action Keyword:----------->    InputText  
2019-02-22 13:05:57,769 INFO  [Log4j] WebElement:----------->    firstName    
2019-02-22 13:05:57,769 INFO  [Log4j] Input Data:--------------->    Jhon  
2019-02-22 13:05:57,770 INFO  [Log4j] Enter text into ... firstName 
2019-02-22 13:05:58,556 INFO  [Log4j] **************************************************************************************** 
2019-02-22 13:05:58,556 INFO  [Log4j] ***********************BEGIN -----TEST-------CASE ******************************** 
2019-02-22 13:05:58,556 INFO  [Log4j] Test Case ID:------------->    launchingWorldApp    
2019-02-22 13:05:58,558 INFO  [Log4j] Action Keyword:----------->    InputText  
2019-02-22 13:05:58,558 INFO  [Log4j] WebElement:----------->    surName    
2019-02-22 13:05:58,558 INFO  [Log4j] Input Data:--------------->    S  
2019-02-22 13:05:58,559 INFO  [Log4j] Enter text into ... surName 
2019-02-22 13:05:59,386 INFO  [Log4j] **************************************************************************************** 
2019-02-22 13:05:59,387 INFO  [Log4j] ***********************BEGIN -----TEST-------CASE ******************************** 
2019-02-22 13:05:59,387 INFO  [Log4j] Test Case ID:------------->    launchingWorldApp    
2019-02-22 13:05:59,387 INFO  [Log4j] Action Keyword:----------->    InputText  
2019-02-22 13:05:59,387 INFO  [Log4j] WebElement:----------->    jobTitle    
2019-02-22 13:05:59,387 INFO  [Log4j] Input Data:--------------->    Software Engineer  
2019-02-22 13:05:59,387 INFO  [Log4j] Enter text into ... jobTitle 
2019-02-22 13:06:00,393 INFO  [Log4j] **************************************************************************************** 
2019-02-22 13:06:00,393 INFO  [Log4j] ***********************BEGIN -----TEST-------CASE ******************************** 
2019-02-22 13:06:00,393 INFO  [Log4j] Test Case ID:------------->    launchingWorldApp    
2019-02-22 13:06:00,393 INFO  [Log4j] Action Keyword:----------->    InputText  
2019-02-22 13:06:00,393 INFO  [Log4j] WebElement:----------->    emailAddress    
2019-02-22 13:06:00,393 INFO  [Log4j] Input Data:--------------->    admin1@gmail.com  
2019-02-22 13:06:00,394 INFO  [Log4j] Enter text into ... emailAddress 
2019-02-22 13:06:01,427 INFO  [Log4j] **************************************************************************************** 
2019-02-22 13:06:01,427 INFO  [Log4j] ***********************BEGIN -----TEST-------CASE ******************************** 
2019-02-22 13:06:01,427 INFO  [Log4j] Test Case ID:------------->    launchingWorldApp    
2019-02-22 13:06:01,427 INFO  [Log4j] Action Keyword:----------->    InputText  
2019-02-22 13:06:01,427 INFO  [Log4j] WebElement:----------->    company    
2019-02-22 13:06:01,427 INFO  [Log4j] Input Data:--------------->    SLk  
2019-02-22 13:06:01,428 INFO  [Log4j] Enter text into ... company 
2019-02-22 13:06:02,326 INFO  [Log4j] **************************************************************************************** 
2019-02-22 13:06:02,327 INFO  [Log4j] ***********************BEGIN -----TEST-------CASE ******************************** 
2019-02-22 13:06:02,327 INFO  [Log4j] Test Case ID:------------->    launchingWorldApp    
2019-02-22 13:06:02,327 INFO  [Log4j] Action Keyword:----------->    InputText  
2019-02-22 13:06:02,327 INFO  [Log4j] WebElement:----------->    phoneNum    
2019-02-22 13:06:02,327 INFO  [Log4j] Input Data:--------------->      
2019-02-22 13:06:02,327 INFO  [Log4j] Enter text into ... phoneNum 
2019-02-22 13:06:03,127 INFO  [Log4j] **************************************************************************************** 
2019-02-22 13:06:03,128 INFO  [Log4j] ***********************BEGIN -----TEST-------CASE ******************************** 
2019-02-22 13:06:03,128 INFO  [Log4j] Test Case ID:------------->    launchingWorldApp    
2019-02-22 13:06:03,128 INFO  [Log4j] Action Keyword:----------->    selectDropDownByIndex  
2019-02-22 13:06:03,128 INFO  [Log4j] WebElement:----------->    Industry    
2019-02-22 13:06:03,128 INFO  [Log4j] Input Data:--------------->      
2019-02-22 13:06:04,168 INFO  [Log4j] **************************************************************************************** 
2019-02-22 13:06:04,168 INFO  [Log4j] ***********************BEGIN -----TEST-------CASE ******************************** 
2019-02-22 13:06:04,168 INFO  [Log4j] Test Case ID:------------->    launchingWorldApp    
2019-02-22 13:06:04,168 INFO  [Log4j] Action Keyword:----------->    selectDropDownByIndex  
2019-02-22 13:06:04,168 INFO  [Log4j] WebElement:----------->    Region    
2019-02-22 13:06:04,168 INFO  [Log4j] Input Data:--------------->      
2019-02-22 13:06:05,258 INFO  [Log4j] **************************************************************************************** 
2019-02-22 13:06:05,258 INFO  [Log4j] ***********************BEGIN -----TEST-------CASE ******************************** 
2019-02-22 13:06:05,258 INFO  [Log4j] Test Case ID:------------->    launchingWorldApp    
2019-02-22 13:06:05,258 INFO  [Log4j] Action Keyword:----------->    selectDropDownByIndex  
2019-02-22 13:06:05,259 INFO  [Log4j] WebElement:----------->    annualRevenue    
2019-02-22 13:06:05,259 INFO  [Log4j] Input Data:--------------->      
2019-02-22 13:06:06,292 INFO  [Log4j] **************************************************************************************** 
2019-02-22 13:06:06,292 INFO  [Log4j] ***********************BEGIN -----TEST-------CASE ******************************** 
2019-02-22 13:06:06,292 INFO  [Log4j] Test Case ID:------------->    launchingWorldApp    
2019-02-22 13:06:06,292 INFO  [Log4j] Action Keyword:----------->    InputText  
2019-02-22 13:06:06,292 INFO  [Log4j] WebElement:----------->    comments    
2019-02-22 13:06:06,292 INFO  [Log4j] Input Data:--------------->    PRODUCTS AND SERVICES  
2019-02-22 13:06:06,292 INFO  [Log4j] Enter text into ... comments 
2019-02-22 13:06:07,514 INFO  [Log4j] **************************************************************************************** 
2019-02-22 13:06:07,514 INFO  [Log4j] ***********************BEGIN -----TEST-------CASE ******************************** 
2019-02-22 13:06:07,514 INFO  [Log4j] Test Case ID:------------->    launchingWorldApp    
2019-02-22 13:06:07,514 INFO  [Log4j] Action Keyword:----------->    Click  
2019-02-22 13:06:07,515 INFO  [Log4j] WebElement:----------->    InfoSend    
2019-02-22 13:06:07,515 INFO  [Log4j] Input Data:--------------->      
2019-02-22 13:06:07,515 INFO  [Log4j] Click is called ... InfoSend 
2019-02-22 13:06:07,823 ERROR [Log4j] Not able to Click--- unknown error: Element <input name="singleOptIn" id="singleOptIn" type="checkbox" value="yes" class="mktoField"> is not clickable at point (266, 852). Other element would receive the click: <div id="block-views-cookie-policy-block" class="block block--views cookie-policy block--views-cookie-policy-block cookieNotice-processed is-shown">...</div>
  (Session info: chrome=72.0.3626.109)
  (Driver info: chromedriver=2.46.628402 (536cd7adbad73a3783fdc2cab92ab2ba7ec361e1),platform=Windows NT 10.0.17763 x86_64) (WARNING: The server did not provide any stacktrace information)
Command duration or timeout: 126 milliseconds
Build info: version: '3.4.0', revision: 'unknown', time: 'unknown'
System info: host: 'SRV03WAP101', ip: '10.0.75.1', os.name: 'Windows 10', os.arch: 'amd64', os.version: '10.0', java.version: '9.0.4'
Driver info: org.openqa.selenium.chrome.ChromeDriver
Capabilities [{mobileEmulationEnabled=false, timeouts={implicit=0.0, pageLoad=300000.0, script=30000.0}, hasTouchScreen=false, platform=XP, acceptSslCerts=false, goog:chromeOptions={debuggerAddress=localhost:51063}, acceptInsecureCerts=false, webStorageEnabled=true, browserName=chrome, takesScreenshot=true, javascriptEnabled=true, setWindowRect=true, unexpectedAlertBehaviour=ignore, applicationCacheEnabled=false, rotatable=false, networkConnectionEnabled=false, chrome={chromedriverVersion=2.46.628402 (536cd7adbad73a3783fdc2cab92ab2ba7ec361e1), userDataDir=C:\Users\raghu.rc\AppData\Local\Temp\scoped_dir22216_23152}, takesHeapSnapshot=true, pageLoadStrategy=normal, strictFileInteractability=false, databaseEnabled=false, handlesAlerts=true, version=72.0.3626.109, browserConnectionEnabled=false, proxy=Proxy(), nativeEvents=true, locationContextEnabled=true, cssSelectorsEnabled=true}]
Session ID: 99e284e2fe06c6a41efb5016445510c6 
2019-02-22 13:06:08,309 ERROR [Log4j] launchingWorldApp 
